ERROR - 2026-03-04 06:49:15 --> Error connecting to the database: mysqli_sql_exception: Access denied for user ''@'localhost' (using password: NO) in D:\xampp2\htdocs\lab11_ci\ci4\system\Database\MySQLi\Connection.php:201
Stack trace:
#0 D:\xampp2\htdocs\lab11_ci\ci4\system\Database\MySQLi\Connection.php(201): mysqli->real_connect('localhost', '', Object(SensitiveParameterValue), '', 3306, '', 0)
#1 D:\xampp2\htdocs\lab11_ci\ci4\system\Database\BaseConnection.php(419): CodeIgniter\Database\MySQLi\Connection->connect(false)
#2 D:\xampp2\htdocs\lab11_ci\ci4\system\Database\BaseConnection.php(654): CodeIgniter\Database\BaseConnection->initialize()
#3 D:\xampp2\htdocs\lab11_ci\ci4\system\Database\BaseBuilder.php(1649): CodeIgniter\Database\BaseConnection->query('SELECT *\nFROM `...', Array, false)
#4 D:\xampp2\htdocs\lab11_ci\ci4\system\Model.php(254): CodeIgniter\Database\BaseBuilder->get()
#5 D:\xampp2\htdocs\lab11_ci\ci4\system\BaseModel.php(675): CodeIgniter\Model->doFindAll(0, 0)
#6 D:\xampp2\htdocs\lab11_ci\ci4\app\Controllers\Artikel.php(13): CodeIgniter\BaseModel->findAll()
#7 D:\xampp2\htdocs\lab11_ci\ci4\system\CodeIgniter.php(951): App\Controllers\Artikel->index()
#8 D:\xampp2\htdocs\lab11_ci\ci4\system\CodeIgniter.php(497): CodeIgniter\CodeIgniter->runController(Object(App\Controllers\Artikel))
#9 D:\xampp2\htdocs\lab11_ci\ci4\system\CodeIgniter.php(340): CodeIgniter\CodeIgniter->handleRequest(NULL, Object(Config\Cache), false)
#10 D:\xampp2\htdocs\lab11_ci\ci4\system\Boot.php(417): CodeIgniter\CodeIgniter->run()
#11 D:\xampp2\htdocs\lab11_ci\ci4\system\Boot.php(68): CodeIgniter\Boot::runCodeIgniter(Object(CodeIgniter\CodeIgniter))
#12 D:\xampp2\htdocs\lab11_ci\ci4\public\index.php(59): CodeIgniter\Boot::bootWeb(Object(Config\Paths))
#13 D:\xampp2\htdocs\lab11_ci\ci4\system\rewrite.php(44): require_once('D:\\xampp2\\htdoc...')
#14 {main}

Next CodeIgniter\Database\Exceptions\DatabaseException: Access denied for user ''@'localhost' (using password: NO) in D:\xampp2\htdocs\lab11_ci\ci4\system\Database\MySQLi\Connection.php:231
Stack trace:
#0 D:\xampp2\htdocs\lab11_ci\ci4\system\Database\BaseConnection.php(419): CodeIgniter\Database\MySQLi\Connection->connect(false)
#1 D:\xampp2\htdocs\lab11_ci\ci4\system\Database\BaseConnection.php(654): CodeIgniter\Database\BaseConnection->initialize()
#2 D:\xampp2\htdocs\lab11_ci\ci4\system\Database\BaseBuilder.php(1649): CodeIgniter\Database\BaseConnection->query('SELECT *\nFROM `...', Array, false)
#3 D:\xampp2\htdocs\lab11_ci\ci4\system\Model.php(254): CodeIgniter\Database\BaseBuilder->get()
#4 D:\xampp2\htdocs\lab11_ci\ci4\system\BaseModel.php(675): CodeIgniter\Model->doFindAll(0, 0)
#5 D:\xampp2\htdocs\lab11_ci\ci4\app\Controllers\Artikel.php(13): CodeIgniter\BaseModel->findAll()
#6 D:\xampp2\htdocs\lab11_ci\ci4\system\CodeIgniter.php(951): App\Controllers\Artikel->index()
#7 D:\xampp2\htdocs\lab11_ci\ci4\system\CodeIgniter.php(497): CodeIgniter\CodeIgniter->runController(Object(App\Controllers\Artikel))
#8 D:\xampp2\htdocs\lab11_ci\ci4\system\CodeIgniter.php(340): CodeIgniter\CodeIgniter->handleRequest(NULL, Object(Config\Cache), false)
#9 D:\xampp2\htdocs\lab11_ci\ci4\system\Boot.php(417): CodeIgniter\CodeIgniter->run()
#10 D:\xampp2\htdocs\lab11_ci\ci4\system\Boot.php(68): CodeIgniter\Boot::runCodeIgniter(Object(CodeIgniter\CodeIgniter))
#11 D:\xampp2\htdocs\lab11_ci\ci4\public\index.php(59): CodeIgniter\Boot::bootWeb(Object(Config\Paths))
#12 D:\xampp2\htdocs\lab11_ci\ci4\system\rewrite.php(44): require_once('D:\\xampp2\\htdoc...')
#13 {main}
CRITICAL - 2026-03-04 06:49:15 --> CodeIgniter\Database\Exceptions\DatabaseException: Unable to connect to the database.
Main connection [MySQLi]: Access denied for user ''@'localhost' (using password: NO)
[Method: GET, Route: artikel]
in SYSTEMPATH\Database\BaseConnection.php on line 465.
 1 SYSTEMPATH\Database\BaseConnection.php(654): CodeIgniter\Database\BaseConnection->initialize()
 2 SYSTEMPATH\Database\BaseBuilder.php(1649): CodeIgniter\Database\BaseConnection->query('SELECT *
FROM `artikel`', [], false)
 3 SYSTEMPATH\Model.php(254): CodeIgniter\Database\BaseBuilder->get()
 4 SYSTEMPATH\BaseModel.php(675): CodeIgniter\Model->doFindAll(0, 0)
 5 APPPATH\Controllers\Artikel.php(13): CodeIgniter\BaseModel->findAll()
 6 SYSTEMPATH\CodeIgniter.php(951): App\Controllers\Artikel->index()
 7 SYSTEMPATH\CodeIgniter.php(497): CodeIgniter\CodeIgniter->runController(Object(App\Controllers\Artikel))
 8 SYSTEMPATH\CodeIgniter.php(340): CodeIgniter\CodeIgniter->handleRequest(null, Object(Config\Cache), false)
 9 SYSTEMPATH\Boot.php(417): CodeIgniter\CodeIgniter->run()
10 SYSTEMPATH\Boot.php(68): CodeIgniter\Boot::runCodeIgniter(Object(CodeIgniter\CodeIgniter))
11 FCPATH\index.php(59): CodeIgniter\Boot::bootWeb(Object(Config\Paths))
12 SYSTEMPATH\rewrite.php(44): require_once('D:\\xampp2\\htdocs\\lab11_ci\\ci4\\public\\index.php')
ERROR - 2026-03-04 06:52:33 --> Error connecting to the database: mysqli_sql_exception: Access denied for user ''@'localhost' (using password: NO) in D:\xampp2\htdocs\lab11_ci\ci4\system\Database\MySQLi\Connection.php:201
Stack trace:
#0 D:\xampp2\htdocs\lab11_ci\ci4\system\Database\MySQLi\Connection.php(201): mysqli->real_connect('localhost', '', Object(SensitiveParameterValue), '', 3306, '', 0)
#1 D:\xampp2\htdocs\lab11_ci\ci4\system\Database\BaseConnection.php(419): CodeIgniter\Database\MySQLi\Connection->connect(false)
#2 D:\xampp2\htdocs\lab11_ci\ci4\system\Database\BaseConnection.php(654): CodeIgniter\Database\BaseConnection->initialize()
#3 D:\xampp2\htdocs\lab11_ci\ci4\system\Database\BaseBuilder.php(1649): CodeIgniter\Database\BaseConnection->query('SELECT *\nFROM `...', Array, false)
#4 D:\xampp2\htdocs\lab11_ci\ci4\system\Model.php(254): CodeIgniter\Database\BaseBuilder->get()
#5 D:\xampp2\htdocs\lab11_ci\ci4\system\BaseModel.php(675): CodeIgniter\Model->doFindAll(0, 0)
#6 D:\xampp2\htdocs\lab11_ci\ci4\app\Controllers\Artikel.php(13): CodeIgniter\BaseModel->findAll()
#7 D:\xampp2\htdocs\lab11_ci\ci4\system\CodeIgniter.php(951): App\Controllers\Artikel->index()
#8 D:\xampp2\htdocs\lab11_ci\ci4\system\CodeIgniter.php(497): CodeIgniter\CodeIgniter->runController(Object(App\Controllers\Artikel))
#9 D:\xampp2\htdocs\lab11_ci\ci4\system\CodeIgniter.php(340): CodeIgniter\CodeIgniter->handleRequest(NULL, Object(Config\Cache), false)
#10 D:\xampp2\htdocs\lab11_ci\ci4\system\Boot.php(417): CodeIgniter\CodeIgniter->run()
#11 D:\xampp2\htdocs\lab11_ci\ci4\system\Boot.php(68): CodeIgniter\Boot::runCodeIgniter(Object(CodeIgniter\CodeIgniter))
#12 D:\xampp2\htdocs\lab11_ci\ci4\public\index.php(59): CodeIgniter\Boot::bootWeb(Object(Config\Paths))
#13 D:\xampp2\htdocs\lab11_ci\ci4\system\rewrite.php(44): require_once('D:\\xampp2\\htdoc...')
#14 {main}

Next CodeIgniter\Database\Exceptions\DatabaseException: Access denied for user ''@'localhost' (using password: NO) in D:\xampp2\htdocs\lab11_ci\ci4\system\Database\MySQLi\Connection.php:231
Stack trace:
#0 D:\xampp2\htdocs\lab11_ci\ci4\system\Database\BaseConnection.php(419): CodeIgniter\Database\MySQLi\Connection->connect(false)
#1 D:\xampp2\htdocs\lab11_ci\ci4\system\Database\BaseConnection.php(654): CodeIgniter\Database\BaseConnection->initialize()
#2 D:\xampp2\htdocs\lab11_ci\ci4\system\Database\BaseBuilder.php(1649): CodeIgniter\Database\BaseConnection->query('SELECT *\nFROM `...', Array, false)
#3 D:\xampp2\htdocs\lab11_ci\ci4\system\Model.php(254): CodeIgniter\Database\BaseBuilder->get()
#4 D:\xampp2\htdocs\lab11_ci\ci4\system\BaseModel.php(675): CodeIgniter\Model->doFindAll(0, 0)
#5 D:\xampp2\htdocs\lab11_ci\ci4\app\Controllers\Artikel.php(13): CodeIgniter\BaseModel->findAll()
#6 D:\xampp2\htdocs\lab11_ci\ci4\system\CodeIgniter.php(951): App\Controllers\Artikel->index()
#7 D:\xampp2\htdocs\lab11_ci\ci4\system\CodeIgniter.php(497): CodeIgniter\CodeIgniter->runController(Object(App\Controllers\Artikel))
#8 D:\xampp2\htdocs\lab11_ci\ci4\system\CodeIgniter.php(340): CodeIgniter\CodeIgniter->handleRequest(NULL, Object(Config\Cache), false)
#9 D:\xampp2\htdocs\lab11_ci\ci4\system\Boot.php(417): CodeIgniter\CodeIgniter->run()
#10 D:\xampp2\htdocs\lab11_ci\ci4\system\Boot.php(68): CodeIgniter\Boot::runCodeIgniter(Object(CodeIgniter\CodeIgniter))
#11 D:\xampp2\htdocs\lab11_ci\ci4\public\index.php(59): CodeIgniter\Boot::bootWeb(Object(Config\Paths))
#12 D:\xampp2\htdocs\lab11_ci\ci4\system\rewrite.php(44): require_once('D:\\xampp2\\htdoc...')
#13 {main}
CRITICAL - 2026-03-04 06:52:33 --> CodeIgniter\Database\Exceptions\DatabaseException: Unable to connect to the database.
Main connection [MySQLi]: Access denied for user ''@'localhost' (using password: NO)
[Method: GET, Route: artikel]
in SYSTEMPATH\Database\BaseConnection.php on line 465.
 1 SYSTEMPATH\Database\BaseConnection.php(654): CodeIgniter\Database\BaseConnection->initialize()
 2 SYSTEMPATH\Database\BaseBuilder.php(1649): CodeIgniter\Database\BaseConnection->query('SELECT *
FROM `artikel`', [], false)
 3 SYSTEMPATH\Model.php(254): CodeIgniter\Database\BaseBuilder->get()
 4 SYSTEMPATH\BaseModel.php(675): CodeIgniter\Model->doFindAll(0, 0)
 5 APPPATH\Controllers\Artikel.php(13): CodeIgniter\BaseModel->findAll()
 6 SYSTEMPATH\CodeIgniter.php(951): App\Controllers\Artikel->index()
 7 SYSTEMPATH\CodeIgniter.php(497): CodeIgniter\CodeIgniter->runController(Object(App\Controllers\Artikel))
 8 SYSTEMPATH\CodeIgniter.php(340): CodeIgniter\CodeIgniter->handleRequest(null, Object(Config\Cache), false)
 9 SYSTEMPATH\Boot.php(417): CodeIgniter\CodeIgniter->run()
10 SYSTEMPATH\Boot.php(68): CodeIgniter\Boot::runCodeIgniter(Object(CodeIgniter\CodeIgniter))
11 FCPATH\index.php(59): CodeIgniter\Boot::bootWeb(Object(Config\Paths))
12 SYSTEMPATH\rewrite.php(44): require_once('D:\\xampp2\\htdocs\\lab11_ci\\ci4\\public\\index.php')
ERROR - 2026-03-04 06:52:34 --> Error connecting to the database: mysqli_sql_exception: Access denied for user ''@'localhost' (using password: NO) in D:\xampp2\htdocs\lab11_ci\ci4\system\Database\MySQLi\Connection.php:201
Stack trace:
#0 D:\xampp2\htdocs\lab11_ci\ci4\system\Database\MySQLi\Connection.php(201): mysqli->real_connect('localhost', '', Object(SensitiveParameterValue), '', 3306, '', 0)
#1 D:\xampp2\htdocs\lab11_ci\ci4\system\Database\BaseConnection.php(419): CodeIgniter\Database\MySQLi\Connection->connect(false)
#2 D:\xampp2\htdocs\lab11_ci\ci4\system\Database\BaseConnection.php(654): CodeIgniter\Database\BaseConnection->initialize()
#3 D:\xampp2\htdocs\lab11_ci\ci4\system\Database\BaseBuilder.php(1649): CodeIgniter\Database\BaseConnection->query('SELECT *\nFROM `...', Array, false)
#4 D:\xampp2\htdocs\lab11_ci\ci4\system\Model.php(254): CodeIgniter\Database\BaseBuilder->get()
#5 D:\xampp2\htdocs\lab11_ci\ci4\system\BaseModel.php(675): CodeIgniter\Model->doFindAll(0, 0)
#6 D:\xampp2\htdocs\lab11_ci\ci4\app\Controllers\Artikel.php(13): CodeIgniter\BaseModel->findAll()
#7 D:\xampp2\htdocs\lab11_ci\ci4\system\CodeIgniter.php(951): App\Controllers\Artikel->index()
#8 D:\xampp2\htdocs\lab11_ci\ci4\system\CodeIgniter.php(497): CodeIgniter\CodeIgniter->runController(Object(App\Controllers\Artikel))
#9 D:\xampp2\htdocs\lab11_ci\ci4\system\CodeIgniter.php(340): CodeIgniter\CodeIgniter->handleRequest(NULL, Object(Config\Cache), false)
#10 D:\xampp2\htdocs\lab11_ci\ci4\system\Boot.php(417): CodeIgniter\CodeIgniter->run()
#11 D:\xampp2\htdocs\lab11_ci\ci4\system\Boot.php(68): CodeIgniter\Boot::runCodeIgniter(Object(CodeIgniter\CodeIgniter))
#12 D:\xampp2\htdocs\lab11_ci\ci4\public\index.php(59): CodeIgniter\Boot::bootWeb(Object(Config\Paths))
#13 D:\xampp2\htdocs\lab11_ci\ci4\system\rewrite.php(44): require_once('D:\\xampp2\\htdoc...')
#14 {main}

Next CodeIgniter\Database\Exceptions\DatabaseException: Access denied for user ''@'localhost' (using password: NO) in D:\xampp2\htdocs\lab11_ci\ci4\system\Database\MySQLi\Connection.php:231
Stack trace:
#0 D:\xampp2\htdocs\lab11_ci\ci4\system\Database\BaseConnection.php(419): CodeIgniter\Database\MySQLi\Connection->connect(false)
#1 D:\xampp2\htdocs\lab11_ci\ci4\system\Database\BaseConnection.php(654): CodeIgniter\Database\BaseConnection->initialize()
#2 D:\xampp2\htdocs\lab11_ci\ci4\system\Database\BaseBuilder.php(1649): CodeIgniter\Database\BaseConnection->query('SELECT *\nFROM `...', Array, false)
#3 D:\xampp2\htdocs\lab11_ci\ci4\system\Model.php(254): CodeIgniter\Database\BaseBuilder->get()
#4 D:\xampp2\htdocs\lab11_ci\ci4\system\BaseModel.php(675): CodeIgniter\Model->doFindAll(0, 0)
#5 D:\xampp2\htdocs\lab11_ci\ci4\app\Controllers\Artikel.php(13): CodeIgniter\BaseModel->findAll()
#6 D:\xampp2\htdocs\lab11_ci\ci4\system\CodeIgniter.php(951): App\Controllers\Artikel->index()
#7 D:\xampp2\htdocs\lab11_ci\ci4\system\CodeIgniter.php(497): CodeIgniter\CodeIgniter->runController(Object(App\Controllers\Artikel))
#8 D:\xampp2\htdocs\lab11_ci\ci4\system\CodeIgniter.php(340): CodeIgniter\CodeIgniter->handleRequest(NULL, Object(Config\Cache), false)
#9 D:\xampp2\htdocs\lab11_ci\ci4\system\Boot.php(417): CodeIgniter\CodeIgniter->run()
#10 D:\xampp2\htdocs\lab11_ci\ci4\system\Boot.php(68): CodeIgniter\Boot::runCodeIgniter(Object(CodeIgniter\CodeIgniter))
#11 D:\xampp2\htdocs\lab11_ci\ci4\public\index.php(59): CodeIgniter\Boot::bootWeb(Object(Config\Paths))
#12 D:\xampp2\htdocs\lab11_ci\ci4\system\rewrite.php(44): require_once('D:\\xampp2\\htdoc...')
#13 {main}
CRITICAL - 2026-03-04 06:52:34 --> CodeIgniter\Database\Exceptions\DatabaseException: Unable to connect to the database.
Main connection [MySQLi]: Access denied for user ''@'localhost' (using password: NO)
[Method: GET, Route: artikel]
in SYSTEMPATH\Database\BaseConnection.php on line 465.
 1 SYSTEMPATH\Database\BaseConnection.php(654): CodeIgniter\Database\BaseConnection->initialize()
 2 SYSTEMPATH\Database\BaseBuilder.php(1649): CodeIgniter\Database\BaseConnection->query('SELECT *
FROM `artikel`', [], false)
 3 SYSTEMPATH\Model.php(254): CodeIgniter\Database\BaseBuilder->get()
 4 SYSTEMPATH\BaseModel.php(675): CodeIgniter\Model->doFindAll(0, 0)
 5 APPPATH\Controllers\Artikel.php(13): CodeIgniter\BaseModel->findAll()
 6 SYSTEMPATH\CodeIgniter.php(951): App\Controllers\Artikel->index()
 7 SYSTEMPATH\CodeIgniter.php(497): CodeIgniter\CodeIgniter->runController(Object(App\Controllers\Artikel))
 8 SYSTEMPATH\CodeIgniter.php(340): CodeIgniter\CodeIgniter->handleRequest(null, Object(Config\Cache), false)
 9 SYSTEMPATH\Boot.php(417): CodeIgniter\CodeIgniter->run()
10 SYSTEMPATH\Boot.php(68): CodeIgniter\Boot::runCodeIgniter(Object(CodeIgniter\CodeIgniter))
11 FCPATH\index.php(59): CodeIgniter\Boot::bootWeb(Object(Config\Paths))
12 SYSTEMPATH\rewrite.php(44): require_once('D:\\xampp2\\htdocs\\lab11_ci\\ci4\\public\\index.php')
CRITICAL - 2026-03-04 06:56:09 --> CodeIgniter\View\Exceptions\ViewException: Invalid file: "artikel/index.php"
[Method: GET, Route: artikel]
in SYSTEMPATH\Exceptions\FrameworkException.php on line 39.
 1 SYSTEMPATH\View\View.php(226): CodeIgniter\Exceptions\FrameworkException::forInvalidFile('artikel/index.php')
 2 SYSTEMPATH\Common.php(1250): CodeIgniter\View\View->render('artikel/index', [], true)
 3 APPPATH\Controllers\Artikel.php(14): view('artikel/index', [...])
 4 SYSTEMPATH\CodeIgniter.php(951): App\Controllers\Artikel->index()
 5 SYSTEMPATH\CodeIgniter.php(497): CodeIgniter\CodeIgniter->runController(Object(App\Controllers\Artikel))
 6 SYSTEMPATH\CodeIgniter.php(340): CodeIgniter\CodeIgniter->handleRequest(null, Object(Config\Cache), false)
 7 SYSTEMPATH\Boot.php(417): CodeIgniter\CodeIgniter->run()
 8 SYSTEMPATH\Boot.php(68): CodeIgniter\Boot::runCodeIgniter(Object(CodeIgniter\CodeIgniter))
 9 FCPATH\index.php(59): CodeIgniter\Boot::bootWeb(Object(Config\Paths))
10 SYSTEMPATH\rewrite.php(44): require_once('D:\\xampp2\\htdocs\\lab11_ci\\ci4\\public\\index.php')
CRITICAL - 2026-03-04 07:00:03 --> CodeIgniter\View\Exceptions\ViewException: Invalid file: "artikel/index.php"
[Method: GET, Route: artikel]
in SYSTEMPATH\Exceptions\FrameworkException.php on line 39.
 1 SYSTEMPATH\View\View.php(226): CodeIgniter\Exceptions\FrameworkException::forInvalidFile('artikel/index.php')
 2 SYSTEMPATH\Common.php(1250): CodeIgniter\View\View->render('artikel/index', [], true)
 3 APPPATH\Controllers\artikel.php(14): view('artikel/index', [...])
 4 SYSTEMPATH\CodeIgniter.php(951): App\Controllers\Artikel->index()
 5 SYSTEMPATH\CodeIgniter.php(497): CodeIgniter\CodeIgniter->runController(Object(App\Controllers\Artikel))
 6 SYSTEMPATH\CodeIgniter.php(340): CodeIgniter\CodeIgniter->handleRequest(null, Object(Config\Cache), false)
 7 SYSTEMPATH\Boot.php(417): CodeIgniter\CodeIgniter->run()
 8 SYSTEMPATH\Boot.php(68): CodeIgniter\Boot::runCodeIgniter(Object(CodeIgniter\CodeIgniter))
 9 FCPATH\index.php(59): CodeIgniter\Boot::bootWeb(Object(Config\Paths))
10 SYSTEMPATH\rewrite.php(44): require_once('D:\\xampp2\\htdocs\\lab11_ci\\ci4\\public\\index.php')
